<?xml version="1.0" encoding="UTF-8"?>
<testsuite xmlns:xsi="http://www.w3.org/2001/XMLSchema-instance" xsi:schemaLocation="https://maven.apache.org/surefire/maven-surefire-plugin/xsd/surefire-test-report.xsd" name="TestSuite" time="144.304" tests="5" errors="0" skipped="0" failures="2">
  <properties>
[...]
</properties>
  <testcase name="testJSScript" classname="com.fullstack.batch3.AppTest" time="5.566"/>
  <testcase name="verifyTitle" classname="com.fullstack.batch3.AppTest" time="11.276">
    <failure message="expected [Home] but found [Log In ‹ — WordPress]" type="java.lang.AssertionError">java.lang.AssertionError: expected [Home] but found [Log In ‹ — WordPress]
	at com.fullstack.batch3.AppTest.verifyTitle(AppTest.java:35)
</failure>
    <system-out><![CDATA[2020-09-19 16:53:04,713 [TRACE ] WebSocket08FrameEncoder - Encoding WebSocket Frame opCode=8 length=26
2020-09-19 16:53:07,833 [INFO  ] BasePage - successfull in opening the url
2020-09-19 16:53:07,837 [INFO  ] BasePage - successfull in opening the url
2020-09-19 16:53:07,933 [INFO  ] BasePage - Trying to create new window 
2020-09-19 16:53:10,287 [INFO  ] BasePage - successfull in opening the url
2020-09-19 16:53:10,288 [INFO  ] BasePage - Trying to get title of page 
2020-09-19 16:53:10,344 [INFO  ] BasePage - Trying to switch..
windows details are:CDwindow-CABFE90D49B0ABF8205170FDA947E95E
windows details are:CDwindow-7199EA20EFE558E82040E20C58B25B8F
windows details are:CDwindow-BF8427296398603A1BC7A6C078AEE5F5
]]></system-out>
  </testcase>
  <testcase name="testSwitches" classname="com.fullstack.batch3.AppTest" time="11.437"/>
  <testcase name="testNavigation" classname="com.fullstack.batch3.AppTest" time="42.964"/>
  <testcase name="loginWithCorrectCredentials" classname="com.fullstack.batch3.AppTest" time="65.976">
    <failure message="Expected condition failed: waiting for element to be clickable: By.xpath: //a[contains(text(),&apos;Log In&apos;)] (tried for 60 second(s) with 500 milliseconds interval)" type="org.openqa.selenium.TimeoutException">org.openqa.selenium.TimeoutException: Expected condition failed: waiting for element to be clickable: By.xpath: //a[contains(text(),'Log In')] (tried for 60 second(s) with 500 milliseconds interval)
Caused by: org.openqa.selenium.NoSuchElementException: 
no such element: Unable to locate element: {"method":"xpath","selector":"//a[contains(text(),'Log In')]"}
  (Session info: chrome=85.0.4183.102)
For documentation on this error, please visit: https://selenium.dev/exceptions/#no_such_element
Build info: version: '4.0.0-alpha-6', revision: '5f43a29cfc'
System info: host: 'PAVILIONG4', ip: '192.168.0.5', os.name: 'Windows 10', os.arch: 'amd64', os.version: '10.0', java.version: '1.8.0_191'
Driver info: org.openqa.selenium.chrome.ChromeDriver
Capabilities {acceptInsecureCerts: false, browserName: chrome, browserVersion: 85.0.4183.102, chrome: {chromedriverVersion: 85.0.4183.87 (cd6713ebf92fa..., userDataDir: C:\Users\user\AppData\Local...}, goog:chromeOptions: {debuggerAddress: localhost:53032}, javascriptEnabled: true, networkConnectionEnabled: false, pageLoadStrategy: normal, platform: WINDOWS, platformName: WINDOWS, proxy: Proxy(), setWindowRect: true, strictFileInteractability: false, timeouts: {implicit: 0, pageLoad: 300000, script: 30000}, unhandledPromptBehavior: dismiss and notify, webauthn:virtualAuthenticators: true}
Session ID: bb8f24bfde9d9626f9ef65ed0b67f3c7
*** Element info: {Using=xpath, value=//a[contains(text(),'Log In')]}
</failure>
    <system-out><![CDATA[2020-09-19 16:53:42,098 [TRACE ] WebSocket08FrameEncoder - Encoding WebSocket Frame opCode=8 length=26
2020-09-19 16:53:51,794 [INFO  ] BasePage - Trying to open url https://testautomasi.com/wp-admin
2020-09-19 16:53:57,032 [INFO  ] BasePage - successfull in opening the url
2020-09-19 16:53:57,269 [INFO  ] BasePage - Trying to click on By.xpath: //a[contains(text(),'Log In')]
]]></system-out>
    <system-err><![CDATA[Starting ChromeDriver 85.0.4183.87 (cd6713ebf92fa1cacc0f1a598df280093af0c5d7-refs/branch-heads/4183@{#1689}) on port 47519
Only local connections are allowed.
Please see https://chromedriver.chromium.org/security-considerations for suggestions on keeping ChromeDriver safe.
ChromeDriver was started successfully.
Sep 19, 2020 4:53:49 PM org.openqa.selenium.remote.ProtocolHandshake createSession
INFO: Detected dialect: W3C
]]></system-err>
  </testcase>
</testsuite>